Using pre-set license
Built from '2020.3/staging' branch; Version is '2020.3.9f1 (108be757e447) revision 1084391'; Using compiler version '192528614'; Build Type 'Release'
OS: 'Windows 10 Home Single Language; OS build 19042.1052; Version 2009; 64bit' Language: 'es' Physical Memory: 8105 MB
BatchMode: 1, IsHumanControllingUs: 0, StartBugReporterOnCrash: 0, Is64bit: 1, IsPro: 0

 COMMAND LINE ARGUMENTS:
C:\Program Files\Unity\Hub\Editor\2020.3.9f1\Editor\Unity.exe
-adb2
-batchMode
-noUpm
-name
AssetImportWorker0
-projectPath
C:/Users/danki/OneDrive/Escritorio/U of pain/5A単o/Topicos de Especialidad 2/Zitra Unity/Zitra_The_Deadly_Kunoichi/Zitra The Deadly Kunoichi
-logFile
Logs/AssetImportWorker0.log
-srvPort
55266
Successfully changed project path to: C:/Users/danki/OneDrive/Escritorio/U of pain/5A単o/Topicos de Especialidad 2/Zitra Unity/Zitra_The_Deadly_Kunoichi/Zitra The Deadly Kunoichi
C:/Users/danki/OneDrive/Escritorio/U of pain/5A単o/Topicos de Especialidad 2/Zitra Unity/Zitra_The_Deadly_Kunoichi/Zitra The Deadly Kunoichi
Using Asset Import Pipeline V2.
Refreshing native plugins compatible for Editor in 188.55 ms, found 1 plugins.
Preloading 0 native plugins for Editor in 0.00 ms.
Initialize engine version: 2020.3.9f1 (108be757e447)
[Subsystems] Discovering subsystems at path C:/Program Files/Unity/Hub/Editor/2020.3.9f1/Editor/Data/Resources/UnitySubsystems
[Subsystems] Discovering subsystems at path C:/Users/danki/OneDrive/Escritorio/U of pain/5A単o/Topicos de Especialidad 2/Zitra Unity/Zitra_The_Deadly_Kunoichi/Zitra The Deadly Kunoichi/Assets
GfxDevice: creating device client; threaded=0
Direct3D:
    Version:  Direct3D 11.0 [level 11.1]
    Renderer: AMD Radeon(TM) R5 M330 (ID=0x6660)
    Vendor:   
    VRAM:     2036 MB
    Driver:   15.201.1201.0
Initialize mono
Mono path[0] = 'C:/Program Files/Unity/Hub/Editor/2020.3.9f1/Editor/Data/Managed'
Mono path[1] = 'C:/Program Files/Unity/Hub/Editor/2020.3.9f1/Editor/Data/MonoBleedingEdge/lib/mono/unityjit'
Mono config path = 'C:/Program Files/Unity/Hub/Editor/2020.3.9f1/Editor/Data/MonoBleedingEdge/etc'
Using monoOptions --debugger-agent=transport=dt_socket,embedding=1,server=y,suspend=n,address=127.0.0.1:56804
Begin MonoManager ReloadAssembly
Registering precompiled unity dll's ...
Register platform support module: C:/Program Files/Unity/Hub/Editor/2020.3.9f1/Editor/Data/PlaybackEngines/WindowsStandaloneSupport/UnityEditor.WindowsStandalone.Extensions.dll
Registered in 0.010230 seconds.
Native extension for WindowsStandalone target not found
Refreshing native plugins compatible for Editor in 185.69 ms, found 1 plugins.
Preloading 0 native plugins for Editor in 0.00 ms.
Mono: successfully reloaded assembly
- Completed reload, in  4.135 seconds
Platform modules already initialized, skipping
Registering precompiled user dll's ...
Registered in 0.005873 seconds.
Begin MonoManager ReloadAssembly
Native extension for WindowsStandalone target not found
Refreshing native plugins compatible for Editor in 161.51 ms, found 1 plugins.
Preloading 0 native plugins for Editor in 0.00 ms.
Mono: successfully reloaded assembly
- Completed reload, in  3.692 seconds
Platform modules already initialized, skipping
========================================================================
Worker process is ready to serve import requests
Launched and connected shader compiler UnityShaderCompiler.exe after 0.24 seconds
Refreshing native plugins compatible for Editor in 1.28 ms, found 1 plugins.
Preloading 0 native plugins for Editor in 0.00 ms.
Unloading 1835 Unused Serialized files (Serialized files now loaded: 0)
System memory in use before: 103.1 MB.
System memory in use after: 103.1 MB.

Unloading 22 unused Assets to reduce memory usage. Loaded Objects now: 2300.
Total: 6.784200 ms (FindLiveObjects: 0.375300 ms CreateObjectMapping: 0.161900 ms MarkObjects: 5.948100 ms  DeleteObjects: 0.295100 ms)

========================================================================
Received Import Request.
  path: Assets/PlatformerSet1/03 background A.png
  artifactKey: Guid(eb06709a3d006f5448d017252797e8a4) Importer(815301076,1909f56bfc062723c751e8b465ee728b)
Start importing Assets/PlatformerSet1/03 background A.png using Guid(eb06709a3d006f5448d017252797e8a4) Importer(815301076,1909f56bfc062723c751e8b465ee728b)  -> (artifact id: 'ac448d869b129c5a1c35262430efefee') in 0.458519 seconds
  Import took 0.502454 seconds .

========================================================================
Received Import Request.
  Time since last request: 0.000432 seconds.
  path: Assets/PlatformerSet1/01 background.png
  artifactKey: Guid(543fff9c6bee69649a543666c301ca86) Importer(815301076,1909f56bfc062723c751e8b465ee728b)
Start importing Assets/PlatformerSet1/01 background.png using Guid(543fff9c6bee69649a543666c301ca86) Importer(815301076,1909f56bfc062723c751e8b465ee728b)  -> (artifact id: 'e82b3baa7cb1532537a15a8ef17ec861') in 0.079190 seconds
  Import took 0.089998 seconds .

========================================================================
Received Import Request.
  Time since last request: 0.000456 seconds.
  path: Assets/PlatformerSet1/02 background.png
  artifactKey: Guid(0ff110103311344449b3b91008a97905) Importer(815301076,1909f56bfc062723c751e8b465ee728b)
Start importing Assets/PlatformerSet1/02 background.png using Guid(0ff110103311344449b3b91008a97905) Importer(815301076,1909f56bfc062723c751e8b465ee728b)  -> (artifact id: '9bb3cd50cf0ae55f4775b6934e43a0bf') in 0.079888 seconds
  Import took 0.128632 seconds .

========================================================================
Received Import Request.
  Time since last request: 0.000445 seconds.
  path: Assets/PlatformerSet1/04 background.png
  artifactKey: Guid(048637bba7f02c8499a2dfc07ecc075f) Importer(815301076,1909f56bfc062723c751e8b465ee728b)
Start importing Assets/PlatformerSet1/04 background.png using Guid(048637bba7f02c8499a2dfc07ecc075f) Importer(815301076,1909f56bfc062723c751e8b465ee728b)  -> (artifact id: '89100f3fdd71fa32466b00dc52ae367d') in 0.099877 seconds
  Import took 0.124923 seconds .

========================================================================
Received Import Request.
  Time since last request: 0.000651 seconds.
  path: Assets/PlatformerSet1
  artifactKey: Guid(8a3a25585b6a28c4d8ed1f8510616ae8) Importer(815301076,1909f56bfc062723c751e8b465ee728b)
Start importing Assets/PlatformerSet1 using Guid(8a3a25585b6a28c4d8ed1f8510616ae8) Importer(815301076,1909f56bfc062723c751e8b465ee728b)  -> (artifact id: '7a8640e0b603d9cef6c4df600878ac06') in 0.029358 seconds
  Import took 0.038429 seconds .

========================================================================
Received Import Request.
  Time since last request: 0.000423 seconds.
  path: Assets/PlatformerSet1/05 background.png
  artifactKey: Guid(7856ff2c37949ad4d9e77bec3b91e755) Importer(815301076,1909f56bfc062723c751e8b465ee728b)
Start importing Assets/PlatformerSet1/05 background.png using Guid(7856ff2c37949ad4d9e77bec3b91e755) Importer(815301076,1909f56bfc062723c751e8b465ee728b)  -> (artifact id: '41d46f534ca31225feb38ecc798a5a14') in 0.090103 seconds
  Import took 0.103559 seconds .

========================================================================
Received Import Request.
  Time since last request: 0.000576 seconds.
  path: Assets/PlatformerSet1/other_and_decorative.png
  artifactKey: Guid(fc125cd2b902af1428138adb4c7f6ec4) Importer(815301076,1909f56bfc062723c751e8b465ee728b)
Start importing Assets/PlatformerSet1/other_and_decorative.png using Guid(fc125cd2b902af1428138adb4c7f6ec4) Importer(815301076,1909f56bfc062723c751e8b465ee728b)  -> (artifact id: 'd1c47ce125f17bdaafc3c268ec7d60fc') in 0.269518 seconds
  Import took 0.352863 seconds .

========================================================================
Received Import Request.
  Time since last request: 0.000589 seconds.
  path: Assets/PlatformerSet1/main_lev_build.png
  artifactKey: Guid(6d28f55f1b0572546b2632db94416d69) Importer(815301076,1909f56bfc062723c751e8b465ee728b)
Start importing Assets/PlatformerSet1/main_lev_build.png using Guid(6d28f55f1b0572546b2632db94416d69) Importer(815301076,1909f56bfc062723c751e8b465ee728b)  -> (artifact id: '9a60a4d0b47dc770246c76da02eed187') in 0.134698 seconds
  Import took 0.201254 seconds .

========================================================================
Received Import Request.
  Time since last request: 0.000540 seconds.
  path: Assets/PlatformerSet1/03 background B.png
  artifactKey: Guid(671c2728bfbe13e4a908a31d4b0a22fc) Importer(815301076,1909f56bfc062723c751e8b465ee728b)
Start importing Assets/PlatformerSet1/03 background B.png using Guid(671c2728bfbe13e4a908a31d4b0a22fc) Importer(815301076,1909f56bfc062723c751e8b465ee728b)  -> (artifact id: 'e32b85adcc790e91ae876cd41d245617') in 0.185941 seconds
  Import took 0.239831 seconds .

========================================================================
Received Import Request.
  Time since last request: 33.064790 seconds.
  path: Assets/PlatformerSet1/main_lev_build.png
  artifactKey: Guid(6d28f55f1b0572546b2632db94416d69) Importer(815301076,1909f56bfc062723c751e8b465ee728b)
Start importing Assets/PlatformerSet1/main_lev_build.png using Guid(6d28f55f1b0572546b2632db94416d69) Importer(815301076,1909f56bfc062723c751e8b465ee728b)  -> (artifact id: '8e8b7320f417a3b83116898017babb16') in 0.120786 seconds
  Import took 0.176100 seconds .

========================================================================
Received Import Request.
  Time since last request: 26.822814 seconds.
  path: Assets/PlatformerSet1/main_lev_build.png
  artifactKey: Guid(6d28f55f1b0572546b2632db94416d69) Importer(815301076,1909f56bfc062723c751e8b465ee728b)
Start importing Assets/PlatformerSet1/main_lev_build.png using Guid(6d28f55f1b0572546b2632db94416d69) Importer(815301076,1909f56bfc062723c751e8b465ee728b)  -> (artifact id: 'afe4d646583278e4758ba3729d2f375b') in 1.398215 seconds
  Import took 1.439962 seconds .

========================================================================
Received Import Request.
  Time since last request: 27.160637 seconds.
  path: Assets/PlatformerSet1/other_and_decorative.png
  artifactKey: Guid(fc125cd2b902af1428138adb4c7f6ec4) Importer(815301076,1909f56bfc062723c751e8b465ee728b)
Start importing Assets/PlatformerSet1/other_and_decorative.png using Guid(fc125cd2b902af1428138adb4c7f6ec4) Importer(815301076,1909f56bfc062723c751e8b465ee728b)  -> (artifact id: '3a39a700b60924d58e85c78ad1b1a9b5') in 0.060735 seconds
  Import took 0.073712 seconds .

========================================================================
Received Import Request.
  Time since last request: 9.372311 seconds.
  path: Assets/PlatformerSet1/other_and_decorative.png
  artifactKey: Guid(fc125cd2b902af1428138adb4c7f6ec4) Importer(815301076,1909f56bfc062723c751e8b465ee728b)
Start importing Assets/PlatformerSet1/other_and_decorative.png using Guid(fc125cd2b902af1428138adb4c7f6ec4) Importer(815301076,1909f56bfc062723c751e8b465ee728b)  -> (artifact id: '8c0217467a7dff8f7385b26ac4b85e70') in 0.518754 seconds
  Import took 0.571570 seconds .

========================================================================
Received Import Request.
  Time since last request: 271.854877 seconds.
  path: Assets/PlatformerSet1/main_lev_build.png
  artifactKey: Guid(6d28f55f1b0572546b2632db94416d69) Importer(815301076,1909f56bfc062723c751e8b465ee728b)
Start importing Assets/PlatformerSet1/main_lev_build.png using Guid(6d28f55f1b0572546b2632db94416d69) Importer(815301076,1909f56bfc062723c751e8b465ee728b)  -> (artifact id: '32ba80ec3e73cc1422c0aa4249dc794f') in 0.088836 seconds
  Import took 0.100122 seconds .

========================================================================
Received Prepare
Registering precompiled user dll's ...
Registered in 0.006613 seconds.
Begin MonoManager ReloadAssembly
Native extension for WindowsStandalone target not found
Refreshing native plugins compatible for Editor in 1.51 ms, found 1 plugins.
Preloading 0 native plugins for Editor in 0.00 ms.
Mono: successfully reloaded assembly
- Completed reload, in  2.529 seconds
Platform modules already initialized, skipping
Refreshing native plugins compatible for Editor in 1.52 ms, found 1 plugins.
Preloading 0 native plugins for Editor in 0.00 ms.
Unloading 1816 Unused Serialized files (Serialized files now loaded: 0)
System memory in use before: 105.0 MB.
System memory in use after: 105.0 MB.

Unloading 11 unused Assets to reduce memory usage. Loaded Objects now: 2444.
Total: 8.386500 ms (FindLiveObjects: 0.651500 ms CreateObjectMapping: 0.262300 ms MarkObjects: 7.199500 ms  DeleteObjects: 0.269900 ms)

========================================================================
Received Import Request.
  Time since last request: 927.917456 seconds.
  path: Assets/Scenes/Nivel2.unity
  artifactKey: Guid(c58cdf0350131fa4aae70b5a8b2af6ca) Importer(815301076,1909f56bfc062723c751e8b465ee728b)
Start importing Assets/Scenes/Nivel2.unity using Guid(c58cdf0350131fa4aae70b5a8b2af6ca) Importer(815301076,1909f56bfc062723c751e8b465ee728b)  -> (artifact id: '85643a6a0be963d3460dbc06f845c538') in 0.068543 seconds
  Import took 0.079978 seconds .

========================================================================
Received Import Request.
  Time since last request: 297.100459 seconds.
  path: Assets/Scenes/SampleScene.unity
  artifactKey: Guid(2cda990e2423bbf4892e6590ba056729) Importer(815301076,1909f56bfc062723c751e8b465ee728b)
Start importing Assets/Scenes/SampleScene.unity using Guid(2cda990e2423bbf4892e6590ba056729) Importer(815301076,1909f56bfc062723c751e8b465ee728b)  -> (artifact id: '18847ea36fffc1371e6d16f41d3092c2') in 0.032978 seconds
  Import took 0.046269 seconds .

========================================================================
Received Prepare
Registering precompiled user dll's ...
Registered in 0.003499 seconds.
Begin MonoManager ReloadAssembly
Native extension for WindowsStandalone target not found
Refreshing native plugins compatible for Editor in 1.56 ms, found 1 plugins.
Preloading 0 native plugins for Editor in 0.00 ms.
Mono: successfully reloaded assembly
- Completed reload, in  2.687 seconds
Platform modules already initialized, skipping
Refreshing native plugins compatible for Editor in 1.84 ms, found 1 plugins.
Preloading 0 native plugins for Editor in 0.00 ms.
Unloading 1816 Unused Serialized files (Serialized files now loaded: 0)
System memory in use before: 105.1 MB.
System memory in use after: 105.1 MB.

Unloading 11 unused Assets to reduce memory usage. Loaded Objects now: 2448.
Total: 6.292100 ms (FindLiveObjects: 0.379300 ms CreateObjectMapping: 0.131100 ms MarkObjects: 5.248900 ms  DeleteObjects: 0.529500 ms)

========================================================================
Received Import Request.
  Time since last request: 26.016730 seconds.
  path: Assets/Scenes/Nivel2.unity
  artifactKey: Guid(c58cdf0350131fa4aae70b5a8b2af6ca) Importer(815301076,1909f56bfc062723c751e8b465ee728b)
Start importing Assets/Scenes/Nivel2.unity using Guid(c58cdf0350131fa4aae70b5a8b2af6ca) Importer(815301076,1909f56bfc062723c751e8b465ee728b)  -> (artifact id: 'dc1f4a85a1f4450e2acc7d5bc1417b2f') in 0.051655 seconds
  Import took 0.099797 seconds .

========================================================================
Received Prepare
Registering precompiled user dll's ...
Registered in 0.004850 seconds.
Begin MonoManager ReloadAssembly
Native extension for WindowsStandalone target not found
Refreshing native plugins compatible for Editor in 1.58 ms, found 1 plugins.
Preloading 0 native plugins for Editor in 0.00 ms.
Mono: successfully reloaded assembly
- Completed reload, in  2.917 seconds
Platform modules already initialized, skipping
Refreshing native plugins compatible for Editor in 1.57 ms, found 1 plugins.
Preloading 0 native plugins for Editor in 0.00 ms.
Unloading 1816 Unused Serialized files (Serialized files now loaded: 0)
System memory in use before: 105.1 MB.
System memory in use after: 105.1 MB.

Unloading 11 unused Assets to reduce memory usage. Loaded Objects now: 2452.
Total: 5.772200 ms (FindLiveObjects: 0.482700 ms CreateObjectMapping: 0.194000 ms MarkObjects: 4.878200 ms  DeleteObjects: 0.214400 ms)

========================================================================
Received Import Request.
  Time since last request: 307.328311 seconds.
  path: Assets/PlatformerSet1/Animated/diamond-01.png
  artifactKey: Guid(9d732a7b9fd6d9c4dbe734145134f44d) Importer(815301076,1909f56bfc062723c751e8b465ee728b)
Start importing Assets/PlatformerSet1/Animated/diamond-01.png using Guid(9d732a7b9fd6d9c4dbe734145134f44d) Importer(815301076,1909f56bfc062723c751e8b465ee728b)  -> (artifact id: 'cfc374614da93ec097b844087c60549e') in 0.186764 seconds
  Import took 0.203988 seconds .

========================================================================
Received Import Request.
  Time since last request: 0.000419 seconds.
  path: Assets/PlatformerSet1/Animated/light-03.png
  artifactKey: Guid(941acab82118b78418d529bd0869e115) Importer(815301076,1909f56bfc062723c751e8b465ee728b)
Start importing Assets/PlatformerSet1/Animated/light-03.png using Guid(941acab82118b78418d529bd0869e115) Importer(815301076,1909f56bfc062723c751e8b465ee728b)  -> (artifact id: '1d736777094a031165330a404fc3d49c') in 0.046066 seconds
  Import took 0.081626 seconds .

========================================================================
Received Import Request.
  Time since last request: 0.000985 seconds.
  path: Assets/PlatformerSet1/Animated/torch-A-02.png
  artifactKey: Guid(09b31d490701d0b48acc760497b071fc) Importer(815301076,1909f56bfc062723c751e8b465ee728b)
Start importing Assets/PlatformerSet1/Animated/torch-A-02.png using Guid(09b31d490701d0b48acc760497b071fc) Importer(815301076,1909f56bfc062723c751e8b465ee728b)  -> (artifact id: '078fbc2856b23aa8c3cd12f851751bd8') in 0.069750 seconds
  Import took 0.110437 seconds .

========================================================================
Received Import Request.
  Time since last request: 0.000538 seconds.
  path: Assets/PlatformerSet1/Animated/torch-B-02.png
  artifactKey: Guid(d91bf9a5da957184c8591eb7bf16f05a) Importer(815301076,1909f56bfc062723c751e8b465ee728b)
Start importing Assets/PlatformerSet1/Animated/torch-B-02.png using Guid(d91bf9a5da957184c8591eb7bf16f05a) Importer(815301076,1909f56bfc062723c751e8b465ee728b)  -> (artifact id: '20d736e89636db1d25b4b3f12aca2b15') in 0.066003 seconds
  Import took 0.085640 seconds .

========================================================================
Received Import Request.
  Time since last request: 0.000496 seconds.
  path: Assets/PlatformerSet1/Animated/torch-A-01.png
  artifactKey: Guid(f74433124a3b60644a39600ba5126d5c) Importer(815301076,1909f56bfc062723c751e8b465ee728b)
Start importing Assets/PlatformerSet1/Animated/torch-A-01.png using Guid(f74433124a3b60644a39600ba5126d5c) Importer(815301076,1909f56bfc062723c751e8b465ee728b)  -> (artifact id: '559ecc19159dfc3a0c1b738698c12801') in 0.058755 seconds
  Import took 0.076629 seconds .

========================================================================
Received Import Request.
  Time since last request: 0.000599 seconds.
  path: Assets/PlatformerSet1/Animated/torch-A-03.png
  artifactKey: Guid(153d88c4f31c10746aeec324851a95d0) Importer(815301076,1909f56bfc062723c751e8b465ee728b)
Start importing Assets/PlatformerSet1/Animated/torch-A-03.png using Guid(153d88c4f31c10746aeec324851a95d0) Importer(815301076,1909f56bfc062723c751e8b465ee728b)  -> (artifact id: '66ee80112dff1aecf23f681b2cd7b7e4') in 0.064747 seconds
  Import took 0.077107 seconds .

========================================================================
Received Import Request.
  Time since last request: 0.000471 seconds.
  path: Assets/PlatformerSet1/Animated/torch-B-01.png
  artifactKey: Guid(58d0cdf51a6f8784d95187054a10ab9f) Importer(815301076,1909f56bfc062723c751e8b465ee728b)
Start importing Assets/PlatformerSet1/Animated/torch-B-01.png using Guid(58d0cdf51a6f8784d95187054a10ab9f) Importer(815301076,1909f56bfc062723c751e8b465ee728b)  -> (artifact id: 'be7ab976f910ae05b3f7625c1d1b10e4') in 0.086556 seconds
  Import took 0.098849 seconds .

========================================================================
Received Import Request.
  Time since last request: 0.000468 seconds.
  path: Assets/PlatformerSet1/Animated/diamond-03.png
  artifactKey: Guid(2105a7dfce2b6244098a6dddc301576b) Importer(815301076,1909f56bfc062723c751e8b465ee728b)
Start importing Assets/PlatformerSet1/Animated/diamond-03.png using Guid(2105a7dfce2b6244098a6dddc301576b) Importer(815301076,1909f56bfc062723c751e8b465ee728b)  -> (artifact id: '7e2f33947175bc5c4ff379fcec189d01') in 0.054719 seconds
  Import took 0.067284 seconds .

========================================================================
Received Import Request.
  Time since last request: 0.001781 seconds.
  path: Assets/PlatformerSet1/Animated/torch-C-03.png
  artifactKey: Guid(0e90fd29aeb54c24dabf651ddfade11c) Importer(815301076,1909f56bfc062723c751e8b465ee728b)
Start importing Assets/PlatformerSet1/Animated/torch-C-03.png using Guid(0e90fd29aeb54c24dabf651ddfade11c) Importer(815301076,1909f56bfc062723c751e8b465ee728b)  -> (artifact id: '7d96d31b9b427eb207ca057d3e23693d') in 0.086832 seconds
  Import took 0.107966 seconds .

========================================================================
Received Import Request.
  Time since last request: 0.000479 seconds.
  path: Assets/PlatformerSet1/Animated/torch-C-04.png
  artifactKey: Guid(aa29ff8d97b59d04080af7cbb125622e) Importer(815301076,1909f56bfc062723c751e8b465ee728b)
Start importing Assets/PlatformerSet1/Animated/torch-C-04.png using Guid(aa29ff8d97b59d04080af7cbb125622e) Importer(815301076,1909f56bfc062723c751e8b465ee728b)  -> (artifact id: '638faa587797044c0990b5ad5aacb6b1') in 0.063486 seconds
  Import took 0.072660 seconds .

========================================================================
Received Import Request.
  Time since last request: 0.001754 seconds.
  path: Assets/PlatformerSet1/Animated/torch-C-02.png
  artifactKey: Guid(40d53443c5f19e942b076aad9edb4bb6) Importer(815301076,1909f56bfc062723c751e8b465ee728b)
Start importing Assets/PlatformerSet1/Animated/torch-C-02.png using Guid(40d53443c5f19e942b076aad9edb4bb6) Importer(815301076,1909f56bfc062723c751e8b465ee728b)  -> (artifact id: 'd1d7c4de411286c336c03427e41ee53e') in 0.079899 seconds
  Import took 0.093540 seconds .

========================================================================
Received Import Request.
  Time since last request: 0.000640 seconds.
  path: Assets/PlatformerSet1/Animated/torch-A-04.png
  artifactKey: Guid(724d32bae3df6e9448697123f1acd972) Importer(815301076,1909f56bfc062723c751e8b465ee728b)
Start importing Assets/PlatformerSet1/Animated/torch-A-04.png using Guid(724d32bae3df6e9448697123f1acd972) Importer(815301076,1909f56bfc062723c751e8b465ee728b)  -> (artifact id: '16b6f3baed2cc86248c9241b99b96f7a') in 0.123948 seconds
  Import took 0.134766 seconds .

========================================================================
Received Import Request.
  Time since last request: 0.000597 seconds.
  path: Assets/PlatformerSet1/Animated/diamond-04.png
  artifactKey: Guid(61b95d20fa9102b48a8413e4368978e0) Importer(815301076,1909f56bfc062723c751e8b465ee728b)
Start importing Assets/PlatformerSet1/Animated/diamond-04.png using Guid(61b95d20fa9102b48a8413e4368978e0) Importer(815301076,1909f56bfc062723c751e8b465ee728b)  -> (artifact id: 'bec206d16c14aea26286ddde26374b87') in 0.076886 seconds
  Import took 0.102308 seconds .

========================================================================
Received Import Request.
  Time since last request: 0.000437 seconds.
  path: Assets/PlatformerSet1/Animated/light-01.png
  artifactKey: Guid(ac7afdfbc618d124f826084a1e54b5ad) Importer(815301076,1909f56bfc062723c751e8b465ee728b)
Start importing Assets/PlatformerSet1/Animated/light-01.png using Guid(ac7afdfbc618d124f826084a1e54b5ad) Importer(815301076,1909f56bfc062723c751e8b465ee728b)  -> (artifact id: '11720e6c9a3f4fd16aadaaa429416f0d') in 0.086258 seconds
  Import took 0.118767 seconds .

========================================================================
Received Import Request.
  Time since last request: 0.000488 seconds.
  path: Assets/PlatformerSet1/Animated/diamond-05.png
  artifactKey: Guid(510e73beea7f5db419cdca3db08d8593) Importer(815301076,1909f56bfc062723c751e8b465ee728b)
Start importing Assets/PlatformerSet1/Animated/diamond-05.png using Guid(510e73beea7f5db419cdca3db08d8593) Importer(815301076,1909f56bfc062723c751e8b465ee728b)  -> (artifact id: '1a613dbb8bd6a87f44ce279c3dbdb2a8') in 0.078425 seconds
  Import took 0.088252 seconds .

========================================================================
Received Import Request.
  Time since last request: 0.000495 seconds.
  path: Assets/PlatformerSet1/Animated/light-04.png
  artifactKey: Guid(dbd558ef2c2290a478cdc40badcb4430) Importer(815301076,1909f56bfc062723c751e8b465ee728b)
Start importing Assets/PlatformerSet1/Animated/light-04.png using Guid(dbd558ef2c2290a478cdc40badcb4430) Importer(815301076,1909f56bfc062723c751e8b465ee728b)  -> (artifact id: 'a8596baaa1d1dd76a47e1e44ba997dac') in 0.087533 seconds
  Import took 0.112206 seconds .

========================================================================
Received Import Request.
  Time since last request: 0.000898 seconds.
  path: Assets/PlatformerSet1/Animated/torch-B-03.png
  artifactKey: Guid(a8ca647143faf9f44a2abdab30c3968e) Importer(815301076,1909f56bfc062723c751e8b465ee728b)
Start importing Assets/PlatformerSet1/Animated/torch-B-03.png using Guid(a8ca647143faf9f44a2abdab30c3968e) Importer(815301076,1909f56bfc062723c751e8b465ee728b)  -> (artifact id: 'c0c00888a8ef766d9a49dc2fb5d30799') in 0.106118 seconds
  Import took 0.124356 seconds .

========================================================================
Received Import Request.
  Time since last request: 0.000467 seconds.
  path: Assets/PlatformerSet1/Animated/torch-C-01.png
  artifactKey: Guid(80639418a069e3147bff7c5c3e2618cc) Importer(815301076,1909f56bfc062723c751e8b465ee728b)
Start importing Assets/PlatformerSet1/Animated/torch-C-01.png using Guid(80639418a069e3147bff7c5c3e2618cc) Importer(815301076,1909f56bfc062723c751e8b465ee728b)  -> (artifact id: '6ef69d7bccd11843c805ff6d95d18a66') in 0.088518 seconds
  Import took 0.100915 seconds .

========================================================================
Received Import Request.
  Time since last request: 0.000478 seconds.
  path: Assets/PlatformerSet1/Animated/light-02.png
  artifactKey: Guid(7d7b67b4e59bbc74d81d62962e118570) Importer(815301076,1909f56bfc062723c751e8b465ee728b)
Start importing Assets/PlatformerSet1/Animated/light-02.png using Guid(7d7b67b4e59bbc74d81d62962e118570) Importer(815301076,1909f56bfc062723c751e8b465ee728b)  -> (artifact id: '54dc7125b2b7cb30102a0cb46aa02d84') in 0.098592 seconds
  Import took 0.115423 seconds .

========================================================================
Received Import Request.
  Time since last request: 0.001269 seconds.
  path: Assets/PlatformerSet1/Animated/torch-B-04.png
  artifactKey: Guid(914130d475273ef498c193d17bc4ab47) Importer(815301076,1909f56bfc062723c751e8b465ee728b)
Start importing Assets/PlatformerSet1/Animated/torch-B-04.png using Guid(914130d475273ef498c193d17bc4ab47) Importer(815301076,1909f56bfc062723c751e8b465ee728b)  -> (artifact id: '750ae8ecd10fca58ace92f4a355d90d1') in 0.104283 seconds
  Import took 0.136164 seconds .

========================================================================
Received Import Request.
  Time since last request: 0.001227 seconds.
  path: Assets/PlatformerSet1/Animated/diamond-02.png
  artifactKey: Guid(d8019449f3d9bd74ab9c2d1b4ee259d5) Importer(815301076,1909f56bfc062723c751e8b465ee728b)
Start importing Assets/PlatformerSet1/Animated/diamond-02.png using Guid(d8019449f3d9bd74ab9c2d1b4ee259d5) Importer(815301076,1909f56bfc062723c751e8b465ee728b)  -> (artifact id: '3c291ff7e51a67c47b9ce261af833848') in 0.365120 seconds
  Import took 0.404948 seconds .

========================================================================
Received Import Request.
  Time since last request: 516.653454 seconds.
  path: Assets/Sprites/descarga.png
  artifactKey: Guid(3abdb4072916a6e4eb390ae84febe2e0) Importer(815301076,1909f56bfc062723c751e8b465ee728b)
Start importing Assets/Sprites/descarga.png using Guid(3abdb4072916a6e4eb390ae84febe2e0) Importer(815301076,1909f56bfc062723c751e8b465ee728b)  -> (artifact id: 'd21af01c3a2625a0ed63422bffb02956') in 0.175374 seconds
  Import took 0.189337 seconds .

========================================================================
Received Import Request.
  Time since last request: 10.794963 seconds.
  path: Assets/Sprites/Castlevania.png
  artifactKey: Guid(3abdb4072916a6e4eb390ae84febe2e0) Importer(815301076,1909f56bfc062723c751e8b465ee728b)
Start importing Assets/Sprites/Castlevania.png using Guid(3abdb4072916a6e4eb390ae84febe2e0) Importer(815301076,1909f56bfc062723c751e8b465ee728b)  -> (artifact id: 'bd438f06d127c8c01694afe8ca533a4f') in 0.103034 seconds
  Import took 0.118365 seconds .

========================================================================
Received Import Request.
  Time since last request: 12.876078 seconds.
  path: Assets/Sprites/Castlevania.png
  artifactKey: Guid(3abdb4072916a6e4eb390ae84febe2e0) Importer(815301076,1909f56bfc062723c751e8b465ee728b)
Start importing Assets/Sprites/Castlevania.png using Guid(3abdb4072916a6e4eb390ae84febe2e0) Importer(815301076,1909f56bfc062723c751e8b465ee728b)  -> (artifact id: '0d9e6cd4c9027e772cad39ccdf633b7c') in 0.078542 seconds
  Import took 0.118840 seconds .

========================================================================
Received Import Request.
  Time since last request: 75.220664 seconds.
  path: Assets/Sprites/Castlevania.png
  artifactKey: Guid(3abdb4072916a6e4eb390ae84febe2e0) Importer(815301076,1909f56bfc062723c751e8b465ee728b)
Start importing Assets/Sprites/Castlevania.png using Guid(3abdb4072916a6e4eb390ae84febe2e0) Importer(815301076,1909f56bfc062723c751e8b465ee728b)  -> (artifact id: '71a85296dc3a297ce1831a80fd44cd0f') in 4.037788 seconds
  Import took 4.059211 seconds .

========================================================================
Received Import Request.
  Time since last request: 36.993459 seconds.
  path: Assets/Sprites/Castlevania.png
  artifactKey: Guid(3abdb4072916a6e4eb390ae84febe2e0) Importer(815301076,1909f56bfc062723c751e8b465ee728b)
Start importing Assets/Sprites/Castlevania.png using Guid(3abdb4072916a6e4eb390ae84febe2e0) Importer(815301076,1909f56bfc062723c751e8b465ee728b)  -> (artifact id: '6f0b0e6c10a9ca70003f6fd155869ea0') in 6.220340 seconds
  Import took 6.245363 seconds .

========================================================================
Received Import Request.
  Time since last request: 285.906941 seconds.
  path: Assets/Sprites/Castlevania.png
  artifactKey: Guid(3abdb4072916a6e4eb390ae84febe2e0) Importer(815301076,1909f56bfc062723c751e8b465ee728b)
Start importing Assets/Sprites/Castlevania.png using Guid(3abdb4072916a6e4eb390ae84febe2e0) Importer(815301076,1909f56bfc062723c751e8b465ee728b)  -> (artifact id: 'ef1367789db94e4364e7ec76166d4bd2') in 4.233192 seconds
  Import took 4.260089 seconds .

========================================================================
Received Import Request.
  Time since last request: 416.734321 seconds.
  path: Assets/Scenes/Nivel2.unity
  artifactKey: Guid(c58cdf0350131fa4aae70b5a8b2af6ca) Importer(815301076,1909f56bfc062723c751e8b465ee728b)
Start importing Assets/Scenes/Nivel2.unity using Guid(c58cdf0350131fa4aae70b5a8b2af6ca) Importer(815301076,1909f56bfc062723c751e8b465ee728b)  -> (artifact id: '1684ec143aa9657f9f523492a98af159') in 0.044524 seconds
  Import took 0.059991 seconds .

========================================================================
Received Import Request.
  Time since last request: 293.420579 seconds.
  path: Assets/Scripts/PauseMenu.cs
  artifactKey: Guid(43a1a0b98f042194a88adcbb4e321511) Importer(815301076,1909f56bfc062723c751e8b465ee728b)
Start importing Assets/Scripts/PauseMenu.cs using Guid(43a1a0b98f042194a88adcbb4e321511) Importer(815301076,1909f56bfc062723c751e8b465ee728b)  -> (artifact id: 'dff7306dc30f489fe0d4b9df86fb4ad7') in 0.140430 seconds
  Import took 0.153322 seconds .

========================================================================
Received Import Request.
  Time since last request: 113.541984 seconds.
  path: Assets/Scripts/GameManager.cs
  artifactKey: Guid(44b76d2760ee3244192e7551dd4bb993) Importer(815301076,1909f56bfc062723c751e8b465ee728b)
Start importing Assets/Scripts/GameManager.cs using Guid(44b76d2760ee3244192e7551dd4bb993) Importer(815301076,1909f56bfc062723c751e8b465ee728b)  -> (artifact id: 'c23f2c560f7ac951e8816d2d06e48077') in 0.054825 seconds
  Import took 0.067969 seconds .

========================================================================
Received Import Request.
  Time since last request: 701.084217 seconds.
  path: Assets/Sprites/Castlevania.png
  artifactKey: Guid(3abdb4072916a6e4eb390ae84febe2e0) Importer(815301076,1909f56bfc062723c751e8b465ee728b)
Start importing Assets/Sprites/Castlevania.png using Guid(3abdb4072916a6e4eb390ae84febe2e0) Importer(815301076,1909f56bfc062723c751e8b465ee728b)  -> (artifact id: '5ffe682abe352ff3a6cdc2dc89d479f6') in 5.006808 seconds
  Import took 5.029172 seconds .

========================================================================
Received Import Request.
  Time since last request: 546.212512 seconds.
  path: Assets/Sprites/Castlevania.png
  artifactKey: Guid(3abdb4072916a6e4eb390ae84febe2e0) Importer(815301076,1909f56bfc062723c751e8b465ee728b)
Start importing Assets/Sprites/Castlevania.png using Guid(3abdb4072916a6e4eb390ae84febe2e0) Importer(815301076,1909f56bfc062723c751e8b465ee728b)  -> (artifact id: '324abfc83309b41772242923b1155b34') in 10.955662 seconds
  Import took 11.052580 seconds .

========================================================================
Received Prepare
Registering precompiled user dll's ...
Registered in 0.004488 seconds.
Begin MonoManager ReloadAssembly
Native extension for WindowsStandalone target not found
Refreshing native plugins compatible for Editor in 2.10 ms, found 1 plugins.
Preloading 0 native plugins for Editor in 0.00 ms.
Mono: successfully reloaded assembly
- Completed reload, in  3.308 seconds
Platform modules already initialized, skipping
Refreshing native plugins compatible for Editor in 2.27 ms, found 1 plugins.
Preloading 0 native plugins for Editor in 0.00 ms.
Unloading 1816 Unused Serialized files (Serialized files now loaded: 0)
System memory in use before: 106.3 MB.
System memory in use after: 106.3 MB.

Unloading 11 unused Assets to reduce memory usage. Loaded Objects now: 2465.
Total: 7.749400 ms (FindLiveObjects: 0.852900 ms CreateObjectMapping: 0.340400 ms MarkObjects: 6.404000 ms  DeleteObjects: 0.149100 ms)

AssetImportWorkerClient::OnTransportError - code=2 error=End of file
