Using pre-set license
Built from '2020.3/staging' branch; Version is '2020.3.9f1 (108be757e447) revision 1084391'; Using compiler version '192528614'; Build Type 'Release'
OS: 'Windows 10 Home Single Language; OS build 19042.1052; Version 2009; 64bit' Language: 'es' Physical Memory: 8105 MB
BatchMode: 1, IsHumanControllingUs: 0, StartBugReporterOnCrash: 0, Is64bit: 1, IsPro: 0

 COMMAND LINE ARGUMENTS:
C:\Program Files\Unity\Hub\Editor\2020.3.9f1\Editor\Unity.exe
-adb2
-batchMode
-noUpm
-name
AssetImportWorker6
-projectPath
C:/Users/danki/OneDrive/Escritorio/U of pain/5A単o/Topicos de Especialidad 2/Zitra Unity/Zitra_The_Deadly_Kunoichi/Zitra The Deadly Kunoichi
-logFile
Logs/AssetImportWorker6.log
-srvPort
56742
Successfully changed project path to: C:/Users/danki/OneDrive/Escritorio/U of pain/5A単o/Topicos de Especialidad 2/Zitra Unity/Zitra_The_Deadly_Kunoichi/Zitra The Deadly Kunoichi
C:/Users/danki/OneDrive/Escritorio/U of pain/5A単o/Topicos de Especialidad 2/Zitra Unity/Zitra_The_Deadly_Kunoichi/Zitra The Deadly Kunoichi
Using Asset Import Pipeline V2.
Refreshing native plugins compatible for Editor in 649.11 ms, found 1 plugins.
Preloading 0 native plugins for Editor in 0.00 ms.
Initialize engine version: 2020.3.9f1 (108be757e447)
[Subsystems] Discovering subsystems at path C:/Program Files/Unity/Hub/Editor/2020.3.9f1/Editor/Data/Resources/UnitySubsystems
[Subsystems] Discovering subsystems at path C:/Users/danki/OneDrive/Escritorio/U of pain/5A単o/Topicos de Especialidad 2/Zitra Unity/Zitra_The_Deadly_Kunoichi/Zitra The Deadly Kunoichi/Assets
GfxDevice: creating device client; threaded=0
Direct3D:
    Version:  Direct3D 11.0 [level 11.1]
    Renderer: AMD Radeon(TM) R5 M330 (ID=0x6660)
    Vendor:   
    VRAM:     2036 MB
    Driver:   15.201.1201.0
Initialize mono
Mono path[0] = 'C:/Program Files/Unity/Hub/Editor/2020.3.9f1/Editor/Data/Managed'
Mono path[1] = 'C:/Program Files/Unity/Hub/Editor/2020.3.9f1/Editor/Data/MonoBleedingEdge/lib/mono/unityjit'
Mono config path = 'C:/Program Files/Unity/Hub/Editor/2020.3.9f1/Editor/Data/MonoBleedingEdge/etc'
Using monoOptions --debugger-agent=transport=dt_socket,embedding=1,server=y,suspend=n,address=127.0.0.1:56928
Begin MonoManager ReloadAssembly
Registering precompiled unity dll's ...
Register platform support module: C:/Program Files/Unity/Hub/Editor/2020.3.9f1/Editor/Data/PlaybackEngines/WindowsStandaloneSupport/UnityEditor.WindowsStandalone.Extensions.dll
Registered in 0.007247 seconds.
Native extension for WindowsStandalone target not found
Refreshing native plugins compatible for Editor in 599.60 ms, found 1 plugins.
Preloading 0 native plugins for Editor in 0.00 ms.
Mono: successfully reloaded assembly
- Completed reload, in  5.322 seconds
Platform modules already initialized, skipping
Registering precompiled user dll's ...
Registered in 0.003449 seconds.
Begin MonoManager ReloadAssembly
Native extension for WindowsStandalone target not found
Refreshing native plugins compatible for Editor in 340.32 ms, found 1 plugins.
Preloading 0 native plugins for Editor in 0.00 ms.
Mono: successfully reloaded assembly
- Completed reload, in  3.825 seconds
Platform modules already initialized, skipping
========================================================================
Worker process is ready to serve import requests
Launched and connected shader compiler UnityShaderCompiler.exe after 0.34 seconds
Refreshing native plugins compatible for Editor in 2.51 ms, found 1 plugins.
Preloading 0 native plugins for Editor in 0.00 ms.
Unloading 1838 Unused Serialized files (Serialized files now loaded: 0)
System memory in use before: 103.2 MB.
System memory in use after: 103.2 MB.

Unloading 22 unused Assets to reduce memory usage. Loaded Objects now: 2303.
Total: 5.671100 ms (FindLiveObjects: 0.406200 ms CreateObjectMapping: 0.168500 ms MarkObjects: 4.833800 ms  DeleteObjects: 0.259400 ms)

========================================================================
Received Import Request.
  path: Assets/Scripts/Enemigos/SamuraiHealth.cs
  artifactKey: Guid(5371f0cb2a0c008409bc2ccaa1088493) Importer(815301076,1909f56bfc062723c751e8b465ee728b)
Start importing Assets/Scripts/Enemigos/SamuraiHealth.cs using Guid(5371f0cb2a0c008409bc2ccaa1088493) Importer(815301076,1909f56bfc062723c751e8b465ee728b)  -> (artifact id: '93987086ad757497a1322d923828e600') in 0.241360 seconds
  Import took 0.296303 seconds .

========================================================================
Received Import Request.
  Time since last request: 0.000467 seconds.
  path: Assets/Scripts/Enemigos/SamuraiRango.cs
  artifactKey: Guid(bf7a8b992b23e5d4e9d0f81fe76b77cb) Importer(815301076,1909f56bfc062723c751e8b465ee728b)
Start importing Assets/Scripts/Enemigos/SamuraiRango.cs using Guid(bf7a8b992b23e5d4e9d0f81fe76b77cb) Importer(815301076,1909f56bfc062723c751e8b465ee728b)  -> (artifact id: '3ffcffc1852c8331a81bd01fb5d9e5a5') in 0.034853 seconds
  Import took 0.067902 seconds .

========================================================================
Received Import Request.
  Time since last request: 0.000458 seconds.
  path: Assets/Scripts/Enemigos/SamuraiScript.cs
  artifactKey: Guid(711ea7e8c366eff4faf4cac0f6d37af0) Importer(815301076,1909f56bfc062723c751e8b465ee728b)
Start importing Assets/Scripts/Enemigos/SamuraiScript.cs using Guid(711ea7e8c366eff4faf4cac0f6d37af0) Importer(815301076,1909f56bfc062723c751e8b465ee728b)  -> (artifact id: 'b4674a644f2edf40a76bf517cbc7b408') in 0.039027 seconds
  Import took 0.061105 seconds .

========================================================================
Received Prepare
Registering precompiled user dll's ...
Registered in 0.004548 seconds.
Begin MonoManager ReloadAssembly
Native extension for WindowsStandalone target not found
Refreshing native plugins compatible for Editor in 6.93 ms, found 1 plugins.
Preloading 0 native plugins for Editor in 0.00 ms.
Mono: successfully reloaded assembly
- Completed reload, in  7.294 seconds
Platform modules already initialized, skipping
Refreshing native plugins compatible for Editor in 8.58 ms, found 1 plugins.
Preloading 0 native plugins for Editor in 0.00 ms.
Unloading 1819 Unused Serialized files (Serialized files now loaded: 0)
System memory in use before: 101.8 MB.
System memory in use after: 101.8 MB.

Unloading 11 unused Assets to reduce memory usage. Loaded Objects now: 2307.
Total: 21.690100 ms (FindLiveObjects: 0.400500 ms CreateObjectMapping: 0.156500 ms MarkObjects: 15.601400 ms  DeleteObjects: 5.526400 ms)

========================================================================
Received Import Request.
  Time since last request: 211.883215 seconds.
  path: Assets/Scripts/Zitra/JugadorHealth.cs
  artifactKey: Guid(66882fa8b81d83040968141a62af32e4) Importer(815301076,1909f56bfc062723c751e8b465ee728b)
Start importing Assets/Scripts/Zitra/JugadorHealth.cs using Guid(66882fa8b81d83040968141a62af32e4) Importer(815301076,1909f56bfc062723c751e8b465ee728b)  -> (artifact id: 'edb6cfb544d4c5394a706953dc52c2e5') in 0.045908 seconds
  Import took 0.093295 seconds .

========================================================================
Received Prepare
Registering precompiled user dll's ...
Registered in 0.005933 seconds.
Begin MonoManager ReloadAssembly
Native extension for WindowsStandalone target not found
Refreshing native plugins compatible for Editor in 2.75 ms, found 1 plugins.
Preloading 0 native plugins for Editor in 0.00 ms.
Mono: successfully reloaded assembly
- Completed reload, in  3.571 seconds
Platform modules already initialized, skipping
Refreshing native plugins compatible for Editor in 2.00 ms, found 1 plugins.
Preloading 0 native plugins for Editor in 0.00 ms.
Unloading 1819 Unused Serialized files (Serialized files now loaded: 0)
System memory in use before: 101.8 MB.
System memory in use after: 101.8 MB.

Unloading 11 unused Assets to reduce memory usage. Loaded Objects now: 2311.
Total: 6.665900 ms (FindLiveObjects: 0.561300 ms CreateObjectMapping: 0.169500 ms MarkObjects: 5.644700 ms  DeleteObjects: 0.221200 ms)

========================================================================
Received Prepare
Registering precompiled user dll's ...
Registered in 0.004301 seconds.
Begin MonoManager ReloadAssembly
Native extension for WindowsStandalone target not found
Refreshing native plugins compatible for Editor in 1.69 ms, found 1 plugins.
Preloading 0 native plugins for Editor in 0.00 ms.
Mono: successfully reloaded assembly
- Completed reload, in  3.648 seconds
Platform modules already initialized, skipping
Refreshing native plugins compatible for Editor in 2.09 ms, found 1 plugins.
Preloading 0 native plugins for Editor in 0.00 ms.
Unloading 1819 Unused Serialized files (Serialized files now loaded: 0)
System memory in use before: 101.8 MB.
System memory in use after: 101.9 MB.

Unloading 11 unused Assets to reduce memory usage. Loaded Objects now: 2315.
Total: 6.223800 ms (FindLiveObjects: 0.492600 ms CreateObjectMapping: 0.451100 ms MarkObjects: 5.081200 ms  DeleteObjects: 0.196000 ms)

========================================================================
Received Prepare
Registering precompiled user dll's ...
Registered in 0.008136 seconds.
Begin MonoManager ReloadAssembly
Native extension for WindowsStandalone target not found
Refreshing native plugins compatible for Editor in 3.46 ms, found 1 plugins.
Preloading 0 native plugins for Editor in 0.00 ms.
Mono: successfully reloaded assembly
- Completed reload, in  3.490 seconds
Platform modules already initialized, skipping
Refreshing native plugins compatible for Editor in 3.02 ms, found 1 plugins.
Preloading 0 native plugins for Editor in 0.00 ms.
Unloading 1819 Unused Serialized files (Serialized files now loaded: 0)
System memory in use before: 101.9 MB.
System memory in use after: 101.9 MB.

Unloading 11 unused Assets to reduce memory usage. Loaded Objects now: 2319.
Total: 10.389800 ms (FindLiveObjects: 0.968800 ms CreateObjectMapping: 2.590300 ms MarkObjects: 6.491300 ms  DeleteObjects: 0.335800 ms)

========================================================================
Received Prepare
Registering precompiled user dll's ...
Registered in 0.006141 seconds.
Begin MonoManager ReloadAssembly
Native extension for WindowsStandalone target not found
Refreshing native plugins compatible for Editor in 1.35 ms, found 1 plugins.
Preloading 0 native plugins for Editor in 0.00 ms.
Mono: successfully reloaded assembly
- Completed reload, in  3.291 seconds
Platform modules already initialized, skipping
Refreshing native plugins compatible for Editor in 2.54 ms, found 1 plugins.
Preloading 0 native plugins for Editor in 0.00 ms.
Unloading 1819 Unused Serialized files (Serialized files now loaded: 0)
System memory in use before: 101.9 MB.
System memory in use after: 101.9 MB.

Unloading 11 unused Assets to reduce memory usage. Loaded Objects now: 2323.
Total: 6.690500 ms (FindLiveObjects: 0.679300 ms CreateObjectMapping: 0.210400 ms MarkObjects: 5.370800 ms  DeleteObjects: 0.411300 ms)

========================================================================
Received Prepare
Registering precompiled user dll's ...
Registered in 0.008264 seconds.
Begin MonoManager ReloadAssembly
Native extension for WindowsStandalone target not found
Refreshing native plugins compatible for Editor in 2.91 ms, found 1 plugins.
Preloading 0 native plugins for Editor in 0.00 ms.
Mono: successfully reloaded assembly
- Completed reload, in  3.580 seconds
Platform modules already initialized, skipping
Refreshing native plugins compatible for Editor in 2.08 ms, found 1 plugins.
Preloading 0 native plugins for Editor in 0.00 ms.
Unloading 1819 Unused Serialized files (Serialized files now loaded: 0)
System memory in use before: 101.9 MB.
System memory in use after: 101.9 MB.

Unloading 11 unused Assets to reduce memory usage. Loaded Objects now: 2327.
Total: 11.630800 ms (FindLiveObjects: 6.300600 ms CreateObjectMapping: 0.249000 ms MarkObjects: 4.616200 ms  DeleteObjects: 0.462200 ms)

AssetImportWorkerClient::OnTransportError - code=2 error=End of file
