Using pre-set license
Built from '2020.3/staging' branch; Version is '2020.3.9f1 (108be757e447) revision 1084391'; Using compiler version '192528614'; Build Type 'Release'
OS: 'Windows 10 Home Single Language; OS build 19042.1052; Version 2009; 64bit' Language: 'es' Physical Memory: 8105 MB
BatchMode: 1, IsHumanControllingUs: 0, StartBugReporterOnCrash: 0, Is64bit: 1, IsPro: 0

 COMMAND LINE ARGUMENTS:
C:\Program Files\Unity\Hub\Editor\2020.3.9f1\Editor\Unity.exe
-adb2
-batchMode
-noUpm
-name
AssetImportWorker1
-projectPath
C:/Users/danki/OneDrive/Escritorio/U of pain/5A単o/Topicos de Especialidad 2/Zitra Unity/Zitra_The_Deadly_Kunoichi/Zitra The Deadly Kunoichi
-logFile
Logs/AssetImportWorker1.log
-srvPort
55253
Successfully changed project path to: C:/Users/danki/OneDrive/Escritorio/U of pain/5A単o/Topicos de Especialidad 2/Zitra Unity/Zitra_The_Deadly_Kunoichi/Zitra The Deadly Kunoichi
C:/Users/danki/OneDrive/Escritorio/U of pain/5A単o/Topicos de Especialidad 2/Zitra Unity/Zitra_The_Deadly_Kunoichi/Zitra The Deadly Kunoichi
Using Asset Import Pipeline V2.
Refreshing native plugins compatible for Editor in 192.46 ms, found 1 plugins.
Preloading 0 native plugins for Editor in 0.00 ms.
Initialize engine version: 2020.3.9f1 (108be757e447)
[Subsystems] Discovering subsystems at path C:/Program Files/Unity/Hub/Editor/2020.3.9f1/Editor/Data/Resources/UnitySubsystems
[Subsystems] Discovering subsystems at path C:/Users/danki/OneDrive/Escritorio/U of pain/5A単o/Topicos de Especialidad 2/Zitra Unity/Zitra_The_Deadly_Kunoichi/Zitra The Deadly Kunoichi/Assets
GfxDevice: creating device client; threaded=0
Direct3D:
    Version:  Direct3D 11.0 [level 11.1]
    Renderer: AMD Radeon(TM) R5 M330 (ID=0x6660)
    Vendor:   
    VRAM:     2036 MB
    Driver:   15.201.1201.0
Initialize mono
Mono path[0] = 'C:/Program Files/Unity/Hub/Editor/2020.3.9f1/Editor/Data/Managed'
Mono path[1] = 'C:/Program Files/Unity/Hub/Editor/2020.3.9f1/Editor/Data/MonoBleedingEdge/lib/mono/unityjit'
Mono config path = 'C:/Program Files/Unity/Hub/Editor/2020.3.9f1/Editor/Data/MonoBleedingEdge/etc'
Using monoOptions --debugger-agent=transport=dt_socket,embedding=1,server=y,suspend=n,address=127.0.0.1:56320
Begin MonoManager ReloadAssembly
Registering precompiled unity dll's ...
Register platform support module: C:/Program Files/Unity/Hub/Editor/2020.3.9f1/Editor/Data/PlaybackEngines/WindowsStandaloneSupport/UnityEditor.WindowsStandalone.Extensions.dll
Registered in 0.004079 seconds.
Native extension for WindowsStandalone target not found
Refreshing native plugins compatible for Editor in 141.00 ms, found 1 plugins.
Preloading 0 native plugins for Editor in 0.00 ms.
Mono: successfully reloaded assembly
- Completed reload, in  2.390 seconds
Platform modules already initialized, skipping
Registering precompiled user dll's ...
Registered in 0.002850 seconds.
Begin MonoManager ReloadAssembly
Native extension for WindowsStandalone target not found
Refreshing native plugins compatible for Editor in 137.13 ms, found 1 plugins.
Preloading 0 native plugins for Editor in 0.00 ms.
Mono: successfully reloaded assembly
- Completed reload, in  1.947 seconds
Platform modules already initialized, skipping
========================================================================
Worker process is ready to serve import requests
Launched and connected shader compiler UnityShaderCompiler.exe after 0.18 seconds
Refreshing native plugins compatible for Editor in 1.98 ms, found 1 plugins.
Preloading 0 native plugins for Editor in 0.00 ms.
Unloading 1841 Unused Serialized files (Serialized files now loaded: 0)
System memory in use before: 103.2 MB.
System memory in use after: 103.3 MB.

Unloading 22 unused Assets to reduce memory usage. Loaded Objects now: 2306.
Total: 6.268400 ms (FindLiveObjects: 0.531700 ms CreateObjectMapping: 0.156300 ms MarkObjects: 5.384000 ms  DeleteObjects: 0.193500 ms)

========================================================================
Received Import Request.
  path: Assets/Scripts/GameManager.cs
  artifactKey: Guid(44b76d2760ee3244192e7551dd4bb993) Importer(815301076,1909f56bfc062723c751e8b465ee728b)
Start importing Assets/Scripts/GameManager.cs using Guid(44b76d2760ee3244192e7551dd4bb993) Importer(815301076,1909f56bfc062723c751e8b465ee728b)  -> (artifact id: '954040ef30ad8f487bb0e95a6fc88eb7') in 0.169301 seconds
  Import took 0.206649 seconds .

========================================================================
Received Prepare
Registering precompiled user dll's ...
Registered in 0.004342 seconds.
Begin MonoManager ReloadAssembly
Native extension for WindowsStandalone target not found
Refreshing native plugins compatible for Editor in 1.15 ms, found 1 plugins.
Preloading 0 native plugins for Editor in 0.00 ms.
Mono: successfully reloaded assembly
- Completed reload, in  2.182 seconds
Platform modules already initialized, skipping
Refreshing native plugins compatible for Editor in 1.67 ms, found 1 plugins.
Preloading 0 native plugins for Editor in 0.00 ms.
Unloading 1822 Unused Serialized files (Serialized files now loaded: 0)
System memory in use before: 101.9 MB.
System memory in use after: 101.9 MB.

Unloading 11 unused Assets to reduce memory usage. Loaded Objects now: 2310.
Total: 5.476500 ms (FindLiveObjects: 0.573300 ms CreateObjectMapping: 0.330800 ms MarkObjects: 4.381300 ms  DeleteObjects: 0.187700 ms)

========================================================================
Received Import Request.
  Time since last request: 936.009354 seconds.
  path: Assets/Scripts/CheckPoints.cs
  artifactKey: Guid(08a1e1986401f474f9115c25bd392303) Importer(815301076,1909f56bfc062723c751e8b465ee728b)
Start importing Assets/Scripts/CheckPoints.cs using Guid(08a1e1986401f474f9115c25bd392303) Importer(815301076,1909f56bfc062723c751e8b465ee728b)  -> (artifact id: 'f8f68ece97384ff39fcc0c40d98ef88b') in 0.035362 seconds
  Import took 6.792778 seconds .

========================================================================
Received Import Request.
  Time since last request: 18.197224 seconds.
  path: Assets/Scripts/Zitra/JugadorPos.cs
  artifactKey: Guid(d8a620ad3c7b79d4cbe3ac43cbe1b98b) Importer(815301076,1909f56bfc062723c751e8b465ee728b)
Start importing Assets/Scripts/Zitra/JugadorPos.cs using Guid(d8a620ad3c7b79d4cbe3ac43cbe1b98b) Importer(815301076,1909f56bfc062723c751e8b465ee728b)  -> (artifact id: 'aa0008f4855e4f53e6616bb6dde7669d') in 0.039867 seconds
  Import took 0.081685 seconds .

========================================================================
Received Prepare
Registering precompiled user dll's ...
Registered in 0.003014 seconds.
Begin MonoManager ReloadAssembly
Native extension for WindowsStandalone target not found
Refreshing native plugins compatible for Editor in 1.27 ms, found 1 plugins.
Preloading 0 native plugins for Editor in 0.00 ms.
Mono: successfully reloaded assembly
- Completed reload, in  2.796 seconds
Platform modules already initialized, skipping
Refreshing native plugins compatible for Editor in 1.73 ms, found 1 plugins.
Preloading 0 native plugins for Editor in 0.00 ms.
Unloading 1822 Unused Serialized files (Serialized files now loaded: 0)
System memory in use before: 101.9 MB.
System memory in use after: 101.9 MB.

Unloading 11 unused Assets to reduce memory usage. Loaded Objects now: 2314.
Total: 8.455700 ms (FindLiveObjects: 0.394100 ms CreateObjectMapping: 0.142000 ms MarkObjects: 7.696100 ms  DeleteObjects: 0.217800 ms)

========================================================================
Received Import Request.
  Time since last request: 133.380774 seconds.
  path: Assets/Sprites/enemy_lifebar.png
  artifactKey: Guid(a088d382d1aad124e8c3338e4b6fe45b) Importer(815301076,1909f56bfc062723c751e8b465ee728b)
Start importing Assets/Sprites/enemy_lifebar.png using Guid(a088d382d1aad124e8c3338e4b6fe45b) Importer(815301076,1909f56bfc062723c751e8b465ee728b)  -> (artifact id: 'd3c3b5fac86173957c5e66b62e122b6b') in 0.755746 seconds
  Import took 0.797951 seconds .

========================================================================
Received Import Request.
  Time since last request: 0.000500 seconds.
  path: Assets/Sprites/enemy_life.png
  artifactKey: Guid(57aab5f706a5f0346857713c7152fc03) Importer(815301076,1909f56bfc062723c751e8b465ee728b)
Start importing Assets/Sprites/enemy_life.png using Guid(57aab5f706a5f0346857713c7152fc03) Importer(815301076,1909f56bfc062723c751e8b465ee728b)  -> (artifact id: '4d557d72644c97a804326021bd52c144') in 0.076313 seconds
  Import took 0.121887 seconds .

========================================================================
Received Import Request.
  Time since last request: 90.405860 seconds.
  path: Assets/Sprites/CheckpointActivation_16.png
  artifactKey: Guid(9f153b1fc51e3524f8666ec58d9d2577) Importer(815301076,1909f56bfc062723c751e8b465ee728b)
Start importing Assets/Sprites/CheckpointActivation_16.png using Guid(9f153b1fc51e3524f8666ec58d9d2577) Importer(815301076,1909f56bfc062723c751e8b465ee728b)  -> (artifact id: 'e535f1e3a890826c716da9a1444fc9fe') in 0.117787 seconds
  Import took 0.178536 seconds .

========================================================================
Received Import Request.
  Time since last request: 123.280571 seconds.
  path: Assets/Sprites/CheckpointActivation_16.png
  artifactKey: Guid(9f153b1fc51e3524f8666ec58d9d2577) Importer(815301076,1909f56bfc062723c751e8b465ee728b)
Start importing Assets/Sprites/CheckpointActivation_16.png using Guid(9f153b1fc51e3524f8666ec58d9d2577) Importer(815301076,1909f56bfc062723c751e8b465ee728b)  -> (artifact id: 'cad7c77df946619dd33816de57408aa0') in 0.108849 seconds
  Import took 0.132577 seconds .

========================================================================
Received Import Request.
  Time since last request: 204.044450 seconds.
  path: Assets/Sprites/CheckpointActivation_16.png
  artifactKey: Guid(9f153b1fc51e3524f8666ec58d9d2577) Importer(815301076,1909f56bfc062723c751e8b465ee728b)
Start importing Assets/Sprites/CheckpointActivation_16.png using Guid(9f153b1fc51e3524f8666ec58d9d2577) Importer(815301076,1909f56bfc062723c751e8b465ee728b)  -> (artifact id: '2cf714883dae3f9fa8e58a5790bb64bb') in 0.098105 seconds
  Import took 0.155876 seconds .

========================================================================
Received Prepare
Registering precompiled user dll's ...
Registered in 1.032532 seconds.
Begin MonoManager ReloadAssembly
Native extension for WindowsStandalone target not found
Refreshing native plugins compatible for Editor in 1.22 ms, found 1 plugins.
Preloading 0 native plugins for Editor in 0.00 ms.
Mono: successfully reloaded assembly
- Completed reload, in  1.969 seconds
Platform modules already initialized, skipping
Refreshing native plugins compatible for Editor in 1.89 ms, found 1 plugins.
Preloading 0 native plugins for Editor in 0.00 ms.
Unloading 1823 Unused Serialized files (Serialized files now loaded: 0)
System memory in use before: 105.0 MB.
System memory in use after: 105.0 MB.

Unloading 11 unused Assets to reduce memory usage. Loaded Objects now: 2336.
Total: 3.440300 ms (FindLiveObjects: 0.363900 ms CreateObjectMapping: 0.214100 ms MarkObjects: 2.680900 ms  DeleteObjects: 0.178900 ms)

========================================================================
Received Import Request.
  Time since last request: 929.968864 seconds.
  path: Assets/Animaciones/CheckpointActivation.controller
  artifactKey: Guid(8f1fb00f57af198418e5f59aafc859d6) Importer(815301076,1909f56bfc062723c751e8b465ee728b)
Start importing Assets/Animaciones/CheckpointActivation.controller using Guid(8f1fb00f57af198418e5f59aafc859d6) Importer(815301076,1909f56bfc062723c751e8b465ee728b)  -> (artifact id: 'c59eb945634a9c7474e6c09697d6acd5') in 0.065867 seconds
  Import took 0.107254 seconds .

========================================================================
Received Prepare
Registering precompiled user dll's ...
Registered in 0.004014 seconds.
Begin MonoManager ReloadAssembly
Native extension for WindowsStandalone target not found
Refreshing native plugins compatible for Editor in 1.12 ms, found 1 plugins.
Preloading 0 native plugins for Editor in 0.00 ms.
Mono: successfully reloaded assembly
- Completed reload, in  1.822 seconds
Platform modules already initialized, skipping
Refreshing native plugins compatible for Editor in 1.20 ms, found 1 plugins.
Preloading 0 native plugins for Editor in 0.00 ms.
Unloading 1823 Unused Serialized files (Serialized files now loaded: 0)
System memory in use before: 105.0 MB.
System memory in use after: 105.1 MB.

Unloading 11 unused Assets to reduce memory usage. Loaded Objects now: 2340.
Total: 4.865600 ms (FindLiveObjects: 0.441700 ms CreateObjectMapping: 0.148800 ms MarkObjects: 4.057600 ms  DeleteObjects: 0.215100 ms)

========================================================================
Received Prepare
Registering precompiled user dll's ...
Registered in 0.003250 seconds.
Begin MonoManager ReloadAssembly
Native extension for WindowsStandalone target not found
Refreshing native plugins compatible for Editor in 1.13 ms, found 1 plugins.
Preloading 0 native plugins for Editor in 0.00 ms.
Mono: successfully reloaded assembly
- Completed reload, in  1.843 seconds
Platform modules already initialized, skipping
Refreshing native plugins compatible for Editor in 1.36 ms, found 1 plugins.
Preloading 0 native plugins for Editor in 0.00 ms.
Unloading 1823 Unused Serialized files (Serialized files now loaded: 0)
System memory in use before: 105.1 MB.
System memory in use after: 105.1 MB.

Unloading 11 unused Assets to reduce memory usage. Loaded Objects now: 2344.
Total: 4.114000 ms (FindLiveObjects: 0.314300 ms CreateObjectMapping: 0.179700 ms MarkObjects: 3.463200 ms  DeleteObjects: 0.154600 ms)

========================================================================
Received Prepare
Registering precompiled user dll's ...
Registered in 0.003094 seconds.
Begin MonoManager ReloadAssembly
Native extension for WindowsStandalone target not found
Refreshing native plugins compatible for Editor in 1.17 ms, found 1 plugins.
Preloading 0 native plugins for Editor in 0.00 ms.
Mono: successfully reloaded assembly
- Completed reload, in  2.074 seconds
Platform modules already initialized, skipping
Refreshing native plugins compatible for Editor in 1.87 ms, found 1 plugins.
Preloading 0 native plugins for Editor in 0.00 ms.
Unloading 1823 Unused Serialized files (Serialized files now loaded: 0)
System memory in use before: 105.1 MB.
System memory in use after: 105.1 MB.

Unloading 11 unused Assets to reduce memory usage. Loaded Objects now: 2348.
Total: 7.556700 ms (FindLiveObjects: 0.396200 ms CreateObjectMapping: 0.159700 ms MarkObjects: 6.756200 ms  DeleteObjects: 0.241600 ms)

========================================================================
Received Prepare
Registering precompiled user dll's ...
Registered in 0.005822 seconds.
Begin MonoManager ReloadAssembly
Native extension for WindowsStandalone target not found
Refreshing native plugins compatible for Editor in 1.11 ms, found 1 plugins.
Preloading 0 native plugins for Editor in 0.00 ms.
Mono: successfully reloaded assembly
- Completed reload, in  1.759 seconds
Platform modules already initialized, skipping
Refreshing native plugins compatible for Editor in 1.25 ms, found 1 plugins.
Preloading 0 native plugins for Editor in 0.00 ms.
Unloading 1823 Unused Serialized files (Serialized files now loaded: 0)
System memory in use before: 105.1 MB.
System memory in use after: 105.1 MB.

Unloading 11 unused Assets to reduce memory usage. Loaded Objects now: 2352.
Total: 3.865800 ms (FindLiveObjects: 0.373100 ms CreateObjectMapping: 0.157400 ms MarkObjects: 3.165800 ms  DeleteObjects: 0.166800 ms)

========================================================================
Received Prepare
Registering precompiled user dll's ...
Registered in 0.005643 seconds.
Begin MonoManager ReloadAssembly
Native extension for WindowsStandalone target not found
Refreshing native plugins compatible for Editor in 1.16 ms, found 1 plugins.
Preloading 0 native plugins for Editor in 0.00 ms.
Mono: successfully reloaded assembly
- Completed reload, in  1.813 seconds
Platform modules already initialized, skipping
Refreshing native plugins compatible for Editor in 2.88 ms, found 1 plugins.
Preloading 0 native plugins for Editor in 0.00 ms.
Unloading 1823 Unused Serialized files (Serialized files now loaded: 0)
System memory in use before: 105.1 MB.
System memory in use after: 105.1 MB.

Unloading 11 unused Assets to reduce memory usage. Loaded Objects now: 2356.
Total: 4.643000 ms (FindLiveObjects: 0.242200 ms CreateObjectMapping: 0.099300 ms MarkObjects: 4.074500 ms  DeleteObjects: 0.224200 ms)

========================================================================
Received Import Request.
  Time since last request: 877.253199 seconds.
  path: Assets/Scripts/Zitra/JugadorHealth.cs
  artifactKey: Guid(66882fa8b81d83040968141a62af32e4) Importer(815301076,1909f56bfc062723c751e8b465ee728b)
Start importing Assets/Scripts/Zitra/JugadorHealth.cs using Guid(66882fa8b81d83040968141a62af32e4) Importer(815301076,1909f56bfc062723c751e8b465ee728b)  -> (artifact id: '83e53cd6eb98a94d9091662184f803c2') in 0.059565 seconds
  Import took 0.081031 seconds .

========================================================================
Received Prepare
Registering precompiled user dll's ...
Registered in 0.004201 seconds.
Begin MonoManager ReloadAssembly
Native extension for WindowsStandalone target not found
Refreshing native plugins compatible for Editor in 1.25 ms, found 1 plugins.
Preloading 0 native plugins for Editor in 0.00 ms.
Mono: successfully reloaded assembly
- Completed reload, in  1.737 seconds
Platform modules already initialized, skipping
Refreshing native plugins compatible for Editor in 1.87 ms, found 1 plugins.
Preloading 0 native plugins for Editor in 0.00 ms.
Unloading 1823 Unused Serialized files (Serialized files now loaded: 0)
System memory in use before: 105.1 MB.
System memory in use after: 105.1 MB.

Unloading 11 unused Assets to reduce memory usage. Loaded Objects now: 2360.
Total: 8.807300 ms (FindLiveObjects: 2.141700 ms CreateObjectMapping: 0.345100 ms MarkObjects: 5.980300 ms  DeleteObjects: 0.337300 ms)

========================================================================
Received Prepare
Registering precompiled user dll's ...
Registered in 0.007421 seconds.
Begin MonoManager ReloadAssembly
Native extension for WindowsStandalone target not found
Refreshing native plugins compatible for Editor in 1.15 ms, found 1 plugins.
Preloading 0 native plugins for Editor in 0.00 ms.
Mono: successfully reloaded assembly
- Completed reload, in  1.715 seconds
Platform modules already initialized, skipping
Refreshing native plugins compatible for Editor in 1.98 ms, found 1 plugins.
Preloading 0 native plugins for Editor in 0.00 ms.
Unloading 1823 Unused Serialized files (Serialized files now loaded: 0)
System memory in use before: 105.1 MB.
System memory in use after: 105.1 MB.

Unloading 11 unused Assets to reduce memory usage. Loaded Objects now: 2364.
Total: 4.011100 ms (FindLiveObjects: 0.242500 ms CreateObjectMapping: 0.097400 ms MarkObjects: 3.523700 ms  DeleteObjects: 0.144900 ms)

========================================================================
Received Prepare
Registering precompiled user dll's ...
Registered in 0.004500 seconds.
Begin MonoManager ReloadAssembly
Native extension for WindowsStandalone target not found
Refreshing native plugins compatible for Editor in 1.11 ms, found 1 plugins.
Preloading 0 native plugins for Editor in 0.00 ms.
Mono: successfully reloaded assembly
- Completed reload, in  2.090 seconds
Platform modules already initialized, skipping
Refreshing native plugins compatible for Editor in 1.92 ms, found 1 plugins.
Preloading 0 native plugins for Editor in 0.00 ms.
Unloading 1823 Unused Serialized files (Serialized files now loaded: 0)
System memory in use before: 105.1 MB.
System memory in use after: 105.1 MB.

Unloading 11 unused Assets to reduce memory usage. Loaded Objects now: 2368.
Total: 5.718800 ms (FindLiveObjects: 0.777700 ms CreateObjectMapping: 0.188300 ms MarkObjects: 4.535600 ms  DeleteObjects: 0.213900 ms)

========================================================================
Received Prepare
Registering precompiled user dll's ...
Registered in 0.005993 seconds.
Begin MonoManager ReloadAssembly
Native extension for WindowsStandalone target not found
Refreshing native plugins compatible for Editor in 1.20 ms, found 1 plugins.
Preloading 0 native plugins for Editor in 0.00 ms.
Mono: successfully reloaded assembly
- Completed reload, in  1.811 seconds
Platform modules already initialized, skipping
Refreshing native plugins compatible for Editor in 1.69 ms, found 1 plugins.
Preloading 0 native plugins for Editor in 0.00 ms.
Unloading 1823 Unused Serialized files (Serialized files now loaded: 0)
System memory in use before: 105.1 MB.
System memory in use after: 105.2 MB.

Unloading 11 unused Assets to reduce memory usage. Loaded Objects now: 2372.
Total: 3.353400 ms (FindLiveObjects: 0.402800 ms CreateObjectMapping: 0.145600 ms MarkObjects: 2.598800 ms  DeleteObjects: 0.203800 ms)

========================================================================
Received Prepare
Registering precompiled user dll's ...
Registered in 0.004820 seconds.
Begin MonoManager ReloadAssembly
Native extension for WindowsStandalone target not found
Refreshing native plugins compatible for Editor in 1.85 ms, found 1 plugins.
Preloading 0 native plugins for Editor in 0.00 ms.
Mono: successfully reloaded assembly
- Completed reload, in  2.527 seconds
Platform modules already initialized, skipping
Refreshing native plugins compatible for Editor in 1.34 ms, found 1 plugins.
Preloading 0 native plugins for Editor in 0.00 ms.
Unloading 1823 Unused Serialized files (Serialized files now loaded: 0)
System memory in use before: 105.1 MB.
System memory in use after: 105.2 MB.

Unloading 11 unused Assets to reduce memory usage. Loaded Objects now: 2376.
Total: 4.065400 ms (FindLiveObjects: 0.333500 ms CreateObjectMapping: 0.166900 ms MarkObjects: 3.319200 ms  DeleteObjects: 0.243200 ms)

AssetImportWorkerClient::OnTransportError - code=2 error=End of file
